GoogleDriveAutoUploader/proguard/seeds.txt
com.ainurpack.filedownloaddrive.R$dimen: int activity_horizontal_margin
com.ainurpack.filedownloaddrive.R$dimen: int activity_vertical_margin
com.ainurpack.filedownloaddrive.R$drawable: int ic_launcher
com.ainurpack.filedownloaddrive.R$id: int action_settings
com.ainurpack.filedownloaddrive.R$id: int fileName
com.ainurpack.filedownloaddrive.R$id: int filePosition
com.ainurpack.filedownloaddrive.R$id: int fileSize
com.ainurpack.filedownloaddrive.R$id: int linLayout
com.ainurpack.filedownloaddrive.R$id: int openFileBtn
com.ainurpack.filedownloaddrive.R$id: int scroll
com.ainurpack.filedownloaddrive.R$id: int takePhotoBtn
com.ainurpack.filedownloaddrive.R$id: int takeVideoButton
com.ainurpack.filedownloaddrive.R$layout: int activity_main
com.ainurpack.filedownloaddrive.R$layout: int file_info
com.ainurpack.filedownloaddrive.R$menu: int main
com.ainurpack.filedownloaddrive.R$string: int action_settings
com.ainurpack.filedownloaddrive.R$string: int app_name
com.ainurpack.filedownloaddrive.R$string: int hello_world
com.ainurpack.filedownloaddrive.R$string: int open_file
com.ainurpack.filedownloaddrive.R$string: int stub_dowloadFile_info
com.ainurpack.filedownloaddrive.R$string: int take_photo
com.ainurpack.filedownloaddrive.R$string: int take_video
com.ainurpack.filedownloaddrive.R$style: int AppBaseTheme
com.ainurpack.filedownloaddrive.R$style: int AppTheme
...
com.google.api.services.drive.model.File$Thumbnail: java.lang.String image
com.google.api.services.drive.model.File$Thumbnail: java.lang.String mimeType
com.google.api.services.drive.model.FileList: java.lang.String etag
com.google.api.services.drive.model.FileList: java.util.List items
com.google.api.services.drive.model.FileList: java.lang.String kind
com.google.api.services.drive.model.FileList: java.lang.String nextLink
com.google.api.services.drive.model.FileList: java.lang.String nextPageToken
com.google.api.services.drive.model.FileList: java.lang.String selfLink
com.google.api.services.drive.model.ParentList: java.lang.String etag
com.google.api.services.drive.model.ParentList: java.util.List items
com.google.api.services.drive.model.ParentList: java.lang.String kind
com.google.api.services.drive.model.ParentList: java.lang.String selfLink
com.google.api.services.drive.model.ParentReference: java.lang.String id
com.google.api.services.drive.model.ParentReference: java.lang.Boolean isRoot
com.google.api.services.drive.model.ParentReference: java.lang.String kind
com.google.api.services.drive.model.ParentReference: java.lang.String parentLink
com.google.api.services.drive.model.ParentReference: java.lang.String selfLink
com.google.api.services.drive.model.Permission: java.util.List additionalRoles
com.google.api.services.drive.model.Permission: java.lang.String authKey
com.google.api.services.drive.model.Permission: java.lang.String etag
com.google.api.services.drive.model.Permission: java.lang.String id
com.google.api.services.drive.model.Permission: java.lang.String kind
com.google.api.services.drive.model.Permission: java.lang.String name
com.google.api.services.drive.model.Permission: java.lang.String photoLink
com.google.api.services.drive.model.Permission: java.lang.String role
com.google.api.services.drive.model.Permission: java.lang.String selfLink
com.google.api.services.drive.model.Permission: java.lang.String type
com.google.api.services.drive.model.Permission: java.lang.String value
com.google.api.services.drive.model.Permission: java.lang.Boolean withLink
com.google.api.services.drive.model.PermissionList: java.lang.String etag
com.google.api.services.drive.model.PermissionList: java.util.List items
com.google.api.services.drive.model.PermissionList: java.lang.String kind
com.google.api.services.drive.model.PermissionList: java.lang.String selfLink
com.google.api.services.drive.model.Property: java.lang.String etag
com.google.api.services.drive.model.Property: java.lang.String key
com.google.api.services.drive.model.Property: java.lang.String kind
com.google.api.services.drive.model.Property: java.lang.String selfLink
com.google.api.services.drive.model.Property: java.lang.String value
com.google.api.services.drive.model.Property: java.lang.String visibility
com.google.api.services.drive.model.PropertyList: java.lang.String etag
com.google.api.services.drive.model.PropertyList: java.util.List items
com.google.api.services.drive.model.PropertyList: java.lang.String kind
com.google.api.services.drive.model.PropertyList: java.lang.String selfLink