GoogleDriveAutoUploader/proguard/mapping.txt
com.google.android.gms.internal.w -> com.google.android.gms.internal.bv:
    boolean a(java.lang.Object,java.lang.Object) -> a
    int hashCode(java.lang.Object[]) -> a
    com.google.android.gms.internal.w$a c(java.lang.Object) -> a
com.google.android.gms.internal.w$1 -> com.google.android.gms.internal.by:
com.google.android.gms.internal.w$a -> com.google.android.gms.internal.ca:
    java.util.List aW -> a
    java.lang.Object aX -> b
    com.google.android.gms.internal.w$a a(java.lang.String,java.lang.Object) -> a
    java.lang.String toString() -> toString
com.google.android.gms.internal.x -> com.google.android.gms.internal.cb:
    java.lang.Object d(java.lang.Object) -> a
    java.lang.Object b(java.lang.Object,java.lang.Object) -> a
    void a(boolean) -> a
    void a(boolean,java.lang.Object) -> a
    void b(boolean,java.lang.Object) -> b
    void a(boolean,java.lang.String,java.lang.Object[]) -> a
com.google.android.gms.location.ActivityRecognitionResult -> com.google.android.gms.location.ActivityRecognitionResult:
    com.google.android.gms.location.ActivityRecognitionResultCreator CREATOR -> a
    int T -> b
    java.util.List en -> c
    long eo -> d
    long ep -> e
    java.lang.String toString() -> toString
    int describeContents() -> describeContents
    void writeToParcel(android.os.Parcel,int) -> writeToParcel
com.google.android.gms.location.ActivityRecognitionResultCreator -> com.google.android.gms.location.a:
    com.google.android.gms.location.ActivityRecognitionResult createFromParcel(android.os.Parcel) -> a
    com.google.android.gms.location.ActivityRecognitionResult[] newArray(int) -> a
    void a(com.google.android.gms.location.ActivityRecognitionResult,android.os.Parcel,int) -> a
    java.lang.Object[] newArray(int) -> newArray
    java.lang.Object createFromParcel(android.os.Parcel) -> createFromParcel
com.google.android.gms.location.DetectedActivity -> com.google.android.gms.location.DetectedActivity:
    com.google.android.gms.location.DetectedActivityCreator CREATOR -> a
    int T -> b
    int eq -> c
    int er -> d
    int getType() -> a
    int G(int) -> a
    int describeContents() -> describeContents
    void writeToParcel(android.os.Parcel,int) -> writeToParcel
    java.lang.String toString() -> toString
com.google.android.gms.location.DetectedActivityCreator -> com.google.android.gms.location.b:
    com.google.android.gms.location.DetectedActivity createFromParcel(android.os.Parcel) -> a
    com.google.android.gms.location.DetectedActivity[] newArray(int) -> a
    void a(com.google.android.gms.location.DetectedActivity,android.os.Parcel,int) -> a
    java.lang.Object[] newArray(int) -> newArray
    java.lang.Object createFromParcel(android.os.Parcel) -> createFromParcel
com.google.android.gms.location.LocationRequest -> com.google.android.gms.location.LocationRequest:
    int T -> a
    int mPriority -> b
    long ez -> c
    long eA -> d
    boolean eB -> e
    long eu -> f
    int eC -> g
    float eD -> h
    com.google.android.gms.location.LocationRequestCreator CREATOR -> i
    int describeContents() -> describeContents
    void writeToParcel(android.os.Parcel,int) -> writeToParcel
    java.lang.String I(int) -> a
    java.lang.String toString() -> toString
com.google.android.gms.location.LocationRequestCreator -> com.google.android.gms.location.c:
    com.google.android.gms.location.LocationRequest createFromParcel(android.os.Parcel) -> a
    com.google.android.gms.location.LocationRequest[] newArray(int) -> a
    void a(com.google.android.gms.location.LocationRequest,android.os.Parcel,int) -> a
    java.lang.Object[] newArray(int) -> newArray
    java.lang.Object createFromParcel(android.os.Parcel) -> createFromParcel