GoogleDriveAutoUploader/proguard/usage.txt
com.ainurpack.filedownloaddrive.BuildConfig
com.ainurpack.filedownloaddrive.R
com.ainurpack.filedownloaddrive.R$attr
com.ainurpack.filedownloaddrive.R$dimen
com.ainurpack.filedownloaddrive.R$drawable
com.ainurpack.filedownloaddrive.R$id
com.ainurpack.filedownloaddrive.R$layout
com.ainurpack.filedownloaddrive.R$menu
com.ainurpack.filedownloaddrive.R$string
com.ainurpack.filedownloaddrive.R$style
...
android.support.v4.view.PagerTitleStrip$PageListener
android.support.v4.view.PagerTitleStrip$PagerTitleStripImpl
android.support.v4.view.PagerTitleStrip$PagerTitleStripImplBase
android.support.v4.view.PagerTitleStrip$PagerTitleStripImplIcs
android.support.v4.view.PagerTitleStripIcs
android.support.v4.view.PagerTitleStripIcs$SingleLineAllCapsTransform
android.support.v4.view.VelocityTrackerCompat:
    25:51:public VelocityTrackerCompat()
android.support.v4.view.VelocityTrackerCompatHoneycomb:
    24:24:VelocityTrackerCompatHoneycomb()
android.support.v4.view.ViewCompat:
    public static final int OVER_SCROLL_ALWAYS
    public static final int OVER_SCROLL_IF_CONTENT_SCROLLS
    public static final int OVER_SCROLL_NEVER
    private static final long FAKE_FRAME_TIME
    public static final int IMPORTANT_FOR_ACCESSIBILITY_AUTO
    public static final int IMPORTANT_FOR_ACCESSIBILITY_YES
    public static final int IMPORTANT_FOR_ACCESSIBILITY_NO
    public static final int LAYER_TYPE_NONE
    public static final int LAYER_TYPE_SOFTWARE
    public static final int LAYER_TYPE_HARDWARE
    public static final int LAYOUT_DIRECTION_LTR
    public static final int LAYOUT_DIRECTION_RTL
    public static final int LAYOUT_DIRECTION_INHERIT
    public static final int LAYOUT_DIRECTION_LOCALE
    32:367:public ViewCompat()
    432:432:public static boolean canScrollVertically(android.view.View,int)
    461:462:public static void setOverScrollMode(android.view.View,int)
    498:499:public static void onPopulateAccessibilityEvent(android.view.View,android.view.accessibility.AccessibilityEvent)
    531:532:public static void onInitializeAccessibilityEvent(android.view.View,android.view.accessibility.AccessibilityEvent)
    567:568:public static void onInitializeAccessibilityNodeInfo(android.view.View,android.support.v4.view.accessibility.AccessibilityNodeInfoCompat)
    582:583:public static void setAccessibilityDelegate(android.view.View,android.support.v4.view.AccessibilityDelegateCompat)
android.support.v4.view.ViewCompat$BaseViewCompatImpl:
    171:171:public boolean canScrollVertically(android.view.View,int)
    178:178:public void setOverScrollMode(android.view.View,int)
    181:181:public void setAccessibilityDelegate(android.view.View,android.support.v4.view.AccessibilityDelegateCompat)
    184:184:public void onPopulateAccessibilityEvent(android.view.View,android.view.accessibility.AccessibilityEvent)
    187:187:public void onInitializeAccessibilityEvent(android.view.View,android.view.accessibility.AccessibilityEvent)
    190:190:public void onInitializeAccessibilityNodeInfo(android.view.View,android.support.v4.view.accessibility.AccessibilityNodeInfoCompat)
    193:193:public boolean hasTransientState(android.view.View)
    197:197:public void setHasTransientState(android.view.View,boolean)
    208:209:public void postOnAnimationDelayed(android.view.View,java.lang.Runnable,long)
    214:214:public int getImportantForAccessibility(android.view.View)
    218:218:public void setImportantForAccessibility(android.view.View,int)
    220:220:public boolean performAccessibilityAction(android.view.View,int,android.os.Bundle)
    223:223:public android.support.v4.view.accessibility.AccessibilityNodeProviderCompat getAccessibilityNodeProvider(android.view.View)
    232:232:public int getLabelFor(android.view.View)
    236:236:public void setLabelFor(android.view.View,int)
    249:249:public void setLayoutDirection(android.view.View,int)
android.support.v4.view.ViewCompat$GBViewCompatImpl:
    264:265:public void setOverScrollMode(android.view.View,int)